# JRE version: OpenJDK Runtime Environment (8.0_242-b01) (build 1.8.0_242-release-1644-b01)
# Java VM: OpenJDK 64-Bit Server VM (25.242-b01 mixed mode windows-amd64 compressed oops)
Heap:
 PSYoungGen      total 188928K, used 101798K [0x00000000d5580000, 0x00000000e2000000, 0x0000000100000000)
  eden space 175104K, 50% used [0x00000000d5580000,0x00000000dab6e698,0x00000000e0080000)
  from space 13824K, 99% used [0x00000000e0080000,0x00000000e0dfb358,0x00000000e0e00000)
  to   space 14336K, 0% used [0x00000000e0e00000,0x00000000e0e00000,0x00000000e1c00000)
 ParOldGen       total 86016K, used 17176K [0x0000000080000000, 0x0000000085400000, 0x00000000d5580000)
  object space 86016K, 19% used [0x0000000080000000,0x00000000810c63a0,0x0000000085400000)
 Metaspace       used 49791K, capacity 52016K, committed 52312K, reserved 1093632K
  class space    used 6702K, capacity 7180K, committed 7296K, reserved 1048576K
GC Heap History (10 events):
Event: 13.441 GC heap before
{Heap before GC invocations=7 (full 1):
 PSYoungGen      total 57344K, used 49152K [0x00000000d5580000, 0x00000000dcb80000, 0x0000000100000000)
  eden space 49152K, 100% used [0x00000000d5580000,0x00000000d8580000,0x00000000d8580000)
  from space 8192K, 0% used [0x00000000d8580000,0x00000000d8580000,0x00000000d8d80000)
  to   space 11264K, 0% used [0x00000000dc080000,0x00000000dc080000,0x00000000dcb80000)
 ParOldGen       total 62976K, used 6830K [0x0000000080000000, 0x0000000083d80000, 0x00000000d5580000)
  object space 62976K, 10% used [0x0000000080000000,0x00000000806abbd0,0x0000000083d80000)
 Metaspace       used 23230K, capacity 24186K, committed 24320K, reserved 1071104K
  class space    used 3293K, capacity 3557K, committed 3584K, reserved 1048576K
Event: 13.449 GC heap after
Heap after GC invocations=7 (full 1):
 PSYoungGen      total 99328K, used 4459K [0x00000000d5580000, 0x00000000dc680000, 0x0000000100000000)
  eden space 93184K, 0% used [0x00000000d5580000,0x00000000d5580000,0x00000000db080000)
  from space 6144K, 72% used [0x00000000dc080000,0x00000000dc4daf80,0x00000000dc680000)
  to   space 11264K, 0% used [0x00000000db080000,0x00000000db080000,0x00000000dbb80000)
 ParOldGen       total 62976K, used 6838K [0x0000000080000000, 0x0000000083d80000, 0x00000000d5580000)
  object space 62976K, 10% used [0x0000000080000000,0x00000000806adbd0,0x0000000083d80000)
 Metaspace       used 23230K, capacity 24186K, committed 24320K, reserved 1071104K
  class space    used 3293K, capacity 3557K, committed 3584K, reserved 1048576K
}
Event: 15.384 GC heap before
{Heap before GC invocations=8 (full 1):
 PSYoungGen      total 99328K, used 97643K [0x00000000d5580000, 0x00000000dc680000, 0x0000000100000000)
  eden space 93184K, 100% used [0x00000000d5580000,0x00000000db080000,0x00000000db080000)
  from space 6144K, 72% used [0x00000000dc080000,0x00000000dc4daf80,0x00000000dc680000)
  to   space 11264K, 0% used [0x00000000db080000,0x00000000db080000,0x00000000dbb80000)
 ParOldGen       total 62976K, used 6838K [0x0000000080000000, 0x0000000083d80000, 0x00000000d5580000)
  object space 62976K, 10% used [0x0000000080000000,0x00000000806adbd0,0x0000000083d80000)
 Metaspace       used 33353K, capacity 34506K, committed 34560K, reserved 1079296K
  class space    used 4514K, capacity 4829K, committed 4864K, reserved 1048576K
Event: 15.407 GC heap after
Heap after GC invocations=8 (full 1):
 PSYoungGen      total 104448K, used 11237K [0x00000000d5580000, 0x00000000e1c00000, 0x0000000100000000)
  eden space 93184K, 0% used [0x00000000d5580000,0x00000000d5580000,0x00000000db080000)
  from space 11264K, 99% used [0x00000000db080000,0x00000000dbb79750,0x00000000dbb80000)
  to   space 14336K, 0% used [0x00000000e0e00000,0x00000000e0e00000,0x00000000e1c00000)
 ParOldGen       total 62976K, used 9025K [0x0000000080000000, 0x0000000083d80000, 0x00000000d5580000)
  object space 62976K, 14% used [0x0000000080000000,0x00000000808d0728,0x0000000083d80000)
 Metaspace       used 33353K, capacity 34506K, committed 34560K, reserved 1079296K
  class space    used 4514K, capacity 4829K, committed 4864K, reserved 1048576K
}
Event: 15.611 GC heap before
{Heap before GC invocations=9 (full 1):
 PSYoungGen      total 104448K, used 25374K [0x00000000d5580000, 0x00000000e1c00000, 0x0000000100000000)
  eden space 93184K, 15% used [0x00000000d5580000,0x00000000d634e2e0,0x00000000db080000)
  from space 11264K, 99% used [0x00000000db080000,0x00000000dbb79750,0x00000000dbb80000)
  to   space 14336K, 0% used [0x00000000e0e00000,0x00000000e0e00000,0x00000000e1c00000)
 ParOldGen       total 62976K, used 9025K [0x0000000080000000, 0x0000000083d80000, 0x00000000d5580000)
  object space 62976K, 14% used [0x0000000080000000,0x00000000808d0728,0x0000000083d80000)
 Metaspace       used 34010K, capacity 35250K, committed 35416K, reserved 1079296K
  class space    used 4584K, capacity 4880K, committed 4992K, reserved 1048576K
Event: 15.642 GC heap after
Heap after GC invocations=9 (full 1):
 PSYoungGen      total 189440K, used 9069K [0x00000000d5580000, 0x00000000e2000000, 0x0000000100000000)
  eden space 175104K, 0% used [0x00000000d5580000,0x00000000d5580000,0x00000000e0080000)
  from space 14336K, 63% used [0x00000000e0e00000,0x00000000e16db5d0,0x00000000e1c00000)
  to   space 13824K, 0% used [0x00000000e0080000,0x00000000e0080000,0x00000000e0e00000)
 ParOldGen       total 62976K, used 9033K [0x0000000080000000, 0x0000000083d80000, 0x00000000d5580000)
  object space 62976K, 14% used [0x0000000080000000,0x00000000808d2728,0x0000000083d80000)
 Metaspace       used 34010K, capacity 35250K, committed 35416K, reserved 1079296K
  class space    used 4584K, capacity 4880K, committed 4992K, reserved 1048576K
}
Event: 15.642 GC heap before
{Heap before GC invocations=10 (full 2):
 PSYoungGen      total 189440K, used 9069K [0x00000000d5580000, 0x00000000e2000000, 0x0000000100000000)
  eden space 175104K, 0% used [0x00000000d5580000,0x00000000d5580000,0x00000000e0080000)
  from space 14336K, 63% used [0x00000000e0e00000,0x00000000e16db5d0,0x00000000e1c00000)
  to   space 13824K, 0% used [0x00000000e0080000,0x00000000e0080000,0x00000000e0e00000)
 ParOldGen       total 62976K, used 9033K [0x0000000080000000, 0x0000000083d80000, 0x00000000d5580000)
  object space 62976K, 14% used [0x0000000080000000,0x00000000808d2728,0x0000000083d80000)
 Metaspace       used 34010K, capacity 35250K, committed 35416K, reserved 1079296K
  class space    used 4584K, capacity 4880K, committed 4992K, reserved 1048576K
Event: 15.742 GC heap after
Heap after GC invocations=10 (full 2):
 PSYoungGen      total 189440K, used 0K [0x00000000d5580000, 0x00000000e2000000, 0x0000000100000000)
  eden space 175104K, 0% used [0x00000000d5580000,0x00000000d5580000,0x00000000e0080000)
  from space 14336K, 0% used [0x00000000e0e00000,0x00000000e0e00000,0x00000000e1c00000)
  to   space 13824K, 0% used [0x00000000e0080000,0x00000000e0080000,0x00000000e0e00000)
 ParOldGen       total 86016K, used 15569K [0x0000000080000000, 0x0000000085400000, 0x00000000d5580000)
  object space 86016K, 18% used [0x0000000080000000,0x0000000080f34658,0x0000000085400000)
 Metaspace       used 34010K, capacity 35250K, committed 35416K, reserved 1079296K
  class space    used 4584K, capacity 4880K, committed 4992K, reserved 1048576K
}
Event: 18.046 GC heap before
{Heap before GC invocations=11 (full 2):
 PSYoungGen      total 189440K, used 175104K [0x00000000d5580000, 0x00000000e2000000, 0x0000000100000000)
  eden space 175104K, 100% used [0x00000000d5580000,0x00000000e0080000,0x00000000e0080000)
  from space 14336K, 0% used [0x00000000e0e00000,0x00000000e0e00000,0x00000000e1c00000)
  to   space 13824K, 0% used [0x00000000e0080000,0x00000000e0080000,0x00000000e0e00000)
 ParOldGen       total 86016K, used 15569K [0x0000000080000000, 0x0000000085400000, 0x00000000d5580000)
  object space 86016K, 18% used [0x0000000080000000,0x0000000080f34658,0x0000000085400000)
 Metaspace       used 41458K, capacity 43422K, committed 43480K, reserved 1087488K
  class space    used 5707K, capacity 6139K, committed 6144K, reserved 1048576K
Event: 18.075 GC heap after
Heap after GC invocations=11 (full 2):
 PSYoungGen      total 188928K, used 13804K [0x00000000d5580000, 0x00000000e2000000, 0x0000000100000000)
  eden space 175104K, 0% used [0x00000000d5580000,0x00000000d5580000,0x00000000e0080000)
  from space 13824K, 99% used [0x00000000e0080000,0x00000000e0dfb358,0x00000000e0e00000)
  to   space 14336K, 0% used [0x00000000e0e00000,0x00000000e0e00000,0x00000000e1c00000)
 ParOldGen       total 86016K, used 17176K [0x0000000080000000, 0x0000000085400000, 0x00000000d5580000)
  object space 86016K, 19% used [0x0000000080000000,0x00000000810c63a0,0x0000000085400000)
 Metaspace       used 41458K, capacity 43422K, committed 43480K, reserved 1087488K
  class space    used 5707K, capacity 6139K, committed 6144K, reserved 1048576K
}

