# JRE version: OpenJDK Runtime Environment (8.0_242-b01) (build 1.8.0_242-release-1644-b01)
# Java VM: OpenJDK 64-Bit Server VM (25.242-b01 mixed mode windows-amd64 compressed oops)
Heap:
 PSYoungGen      total 178688K, used 115680K [0x00000000d5580000, 0x00000000e1900000, 0x0000000100000000)
  eden space 160256K, 72% used [0x00000000d5580000,0x00000000dc6783b8,0x00000000df200000)
  from space 18432K, 0% used [0x00000000df200000,0x00000000df200000,0x00000000e0400000)
  to   space 13824K, 0% used [0x00000000e0400000,0x00000000e0400000,0x00000000e1180000)
 ParOldGen       total 110080K, used 42227K [0x0000000080000000, 0x0000000086b80000, 0x00000000d5580000)
  object space 110080K, 38% used [0x0000000080000000,0x000000008293cc18,0x0000000086b80000)
 Metaspace       used 60422K, capacity 63342K, committed 63576K, reserved 1103872K
  class space    used 8365K, capacity 9047K, committed 9088K, reserved 1048576K
GC Heap History (10 events):
Event: 19.741 GC heap before
{Heap before GC invocations=10 (full 2):
 PSYoungGen      total 138240K, used 9217K [0x00000000d5580000, 0x00000000df900000, 0x0000000100000000)
  eden space 124928K, 0% used [0x00000000d5580000,0x00000000d5580000,0x00000000dcf80000)
  from space 13312K, 69% used [0x00000000ddc80000,0x00000000de580688,0x00000000de980000)
  to   space 13312K, 0% used [0x00000000dcf80000,0x00000000dcf80000,0x00000000ddc80000)
 ParOldGen       total 74240K, used 7761K [0x0000000080000000, 0x0000000084880000, 0x00000000d5580000)
  object space 74240K, 10% used [0x0000000080000000,0x0000000080794690,0x0000000084880000)
 Metaspace       used 33979K, capacity 35282K, committed 35416K, reserved 1079296K
  class space    used 4585K, capacity 4912K, committed 4992K, reserved 1048576K
Event: 19.834 GC heap after
Heap after GC invocations=10 (full 2):
 PSYoungGen      total 138240K, used 0K [0x00000000d5580000, 0x00000000df900000, 0x0000000100000000)
  eden space 124928K, 0% used [0x00000000d5580000,0x00000000d5580000,0x00000000dcf80000)
  from space 13312K, 0% used [0x00000000ddc80000,0x00000000ddc80000,0x00000000de980000)
  to   space 13312K, 0% used [0x00000000dcf80000,0x00000000dcf80000,0x00000000ddc80000)
 ParOldGen       total 110080K, used 15701K [0x0000000080000000, 0x0000000086b80000, 0x00000000d5580000)
  object space 110080K, 14% used [0x0000000080000000,0x0000000080f55768,0x0000000086b80000)
 Metaspace       used 33979K, capacity 35282K, committed 35416K, reserved 1079296K
  class space    used 4585K, capacity 4912K, committed 4992K, reserved 1048576K
}
Event: 37.522 GC heap before
{Heap before GC invocations=11 (full 2):
 PSYoungGen      total 138240K, used 124928K [0x00000000d5580000, 0x00000000df900000, 0x0000000100000000)
  eden space 124928K, 100% used [0x00000000d5580000,0x00000000dcf80000,0x00000000dcf80000)
  from space 13312K, 0% used [0x00000000ddc80000,0x00000000ddc80000,0x00000000de980000)
  to   space 13312K, 0% used [0x00000000dcf80000,0x00000000dcf80000,0x00000000ddc80000)
 ParOldGen       total 110080K, used 15701K [0x0000000080000000, 0x0000000086b80000, 0x00000000d5580000)
  object space 110080K, 14% used [0x0000000080000000,0x0000000080f55768,0x0000000086b80000)
 Metaspace       used 38726K, capacity 40536K, committed 40792K, reserved 1085440K
  class space    used 5317K, capacity 5701K, committed 5760K, reserved 1048576K
Event: 37.552 GC heap after
Heap after GC invocations=11 (full 2):
 PSYoungGen      total 138240K, used 10648K [0x00000000d5580000, 0x00000000e1180000, 0x0000000100000000)
  eden space 124928K, 0% used [0x00000000d5580000,0x00000000d5580000,0x00000000dcf80000)
  from space 13312K, 79% used [0x00000000dcf80000,0x00000000dd9e6368,0x00000000ddc80000)
  to   space 13824K, 0% used [0x00000000e0400000,0x00000000e0400000,0x00000000e1180000)
 ParOldGen       total 110080K, used 15709K [0x0000000080000000, 0x0000000086b80000, 0x00000000d5580000)
  object space 110080K, 14% used [0x0000000080000000,0x0000000080f57768,0x0000000086b80000)
 Metaspace       used 38726K, capacity 40536K, committed 40792K, reserved 1085440K
  class space    used 5317K, capacity 5701K, committed 5760K, reserved 1048576K
}
Event: 42.409 GC heap before
{Heap before GC invocations=12 (full 2):
 PSYoungGen      total 138240K, used 135576K [0x00000000d5580000, 0x00000000e1180000, 0x0000000100000000)
  eden space 124928K, 100% used [0x00000000d5580000,0x00000000dcf80000,0x00000000dcf80000)
  from space 13312K, 79% used [0x00000000dcf80000,0x00000000dd9e6368,0x00000000ddc80000)
  to   space 13824K, 0% used [0x00000000e0400000,0x00000000e0400000,0x00000000e1180000)
 ParOldGen       total 110080K, used 15709K [0x0000000080000000, 0x0000000086b80000, 0x00000000d5580000)
  object space 110080K, 14% used [0x0000000080000000,0x0000000080f57768,0x0000000086b80000)
 Metaspace       used 48980K, capacity 51246K, committed 51416K, reserved 1093632K
  class space    used 6607K, capacity 7079K, committed 7168K, reserved 1048576K
Event: 42.441 GC heap after
Heap after GC invocations=12 (full 2):
 PSYoungGen      total 174080K, used 13804K [0x00000000d5580000, 0x00000000e1900000, 0x0000000100000000)
  eden space 160256K, 0% used [0x00000000d5580000,0x00000000d5580000,0x00000000df200000)
  from space 13824K, 99% used [0x00000000e0400000,0x00000000e117b310,0x00000000e1180000)
  to   space 18432K, 0% used [0x00000000df200000,0x00000000df200000,0x00000000e0400000)
 ParOldGen       total 110080K, used 22876K [0x0000000080000000, 0x0000000086b80000, 0x00000000d5580000)
  object space 110080K, 20% used [0x0000000080000000,0x0000000081657020,0x0000000086b80000)
 Metaspace       used 48980K, capacity 51246K, committed 51416K, reserved 1093632K
  class space    used 6607K, capacity 7079K, committed 7168K, reserved 1048576K
}
Event: 45.160 GC heap before
{Heap before GC invocations=13 (full 2):
 PSYoungGen      total 174080K, used 135670K [0x00000000d5580000, 0x00000000e1900000, 0x0000000100000000)
  eden space 160256K, 76% used [0x00000000d5580000,0x00000000dcc82828,0x00000000df200000)
  from space 13824K, 99% used [0x00000000e0400000,0x00000000e117b310,0x00000000e1180000)
  to   space 18432K, 0% used [0x00000000df200000,0x00000000df200000,0x00000000e0400000)
 ParOldGen       total 110080K, used 22876K [0x0000000080000000, 0x0000000086b80000, 0x00000000d5580000)
  object space 110080K, 20% used [0x0000000080000000,0x0000000081657020,0x0000000086b80000)
 Metaspace       used 56296K, capacity 58822K, committed 58968K, reserved 1099776K
  class space    used 7662K, capacity 8236K, committed 8320K, reserved 1048576K
Event: 45.202 GC heap after
Heap after GC invocations=13 (full 2):
 PSYoungGen      total 178688K, used 14156K [0x00000000d5580000, 0x00000000e1900000, 0x0000000100000000)
  eden space 160256K, 0% used [0x00000000d5580000,0x00000000d5580000,0x00000000df200000)
  from space 18432K, 76% used [0x00000000df200000,0x00000000dffd3048,0x00000000e0400000)
  to   space 13824K, 0% used [0x00000000e0400000,0x00000000e0400000,0x00000000e1180000)
 ParOldGen       total 110080K, used 36669K [0x0000000080000000, 0x0000000086b80000, 0x00000000d5580000)
  object space 110080K, 33% used [0x0000000080000000,0x00000000823cf410,0x0000000086b80000)
 Metaspace       used 56296K, capacity 58822K, committed 58968K, reserved 1099776K
  class space    used 7662K, capacity 8236K, committed 8320K, reserved 1048576K
}
Event: 45.202 GC heap before
{Heap before GC invocations=14 (full 3):
 PSYoungGen      total 178688K, used 14156K [0x00000000d5580000, 0x00000000e1900000, 0x0000000100000000)
  eden space 160256K, 0% used [0x00000000d5580000,0x00000000d5580000,0x00000000df200000)
  from space 18432K, 76% used [0x00000000df200000,0x00000000dffd3048,0x00000000e0400000)
  to   space 13824K, 0% used [0x00000000e0400000,0x00000000e0400000,0x00000000e1180000)
 ParOldGen       total 110080K, used 36669K [0x0000000080000000, 0x0000000086b80000, 0x00000000d5580000)
  object space 110080K, 33% used [0x0000000080000000,0x00000000823cf410,0x0000000086b80000)
 Metaspace       used 56296K, capacity 58822K, committed 58968K, reserved 1099776K
  class space    used 7662K, capacity 8236K, committed 8320K, reserved 1048576K
Event: 45.589 GC heap after
Heap after GC invocations=14 (full 3):
 PSYoungGen      total 178688K, used 0K [0x00000000d5580000, 0x00000000e1900000, 0x0000000100000000)
  eden space 160256K, 0% used [0x00000000d5580000,0x00000000d5580000,0x00000000df200000)
  from space 18432K, 0% used [0x00000000df200000,0x00000000df200000,0x00000000e0400000)
  to   space 13824K, 0% used [0x00000000e0400000,0x00000000e0400000,0x00000000e1180000)
 ParOldGen       total 110080K, used 42227K [0x0000000080000000, 0x0000000086b80000, 0x00000000d5580000)
  object space 110080K, 38% used [0x0000000080000000,0x000000008293cc18,0x0000000086b80000)
 Metaspace       used 56284K, capacity 58780K, committed 58968K, reserved 1099776K
  class space    used 7659K, capacity 8229K, committed 8320K, reserved 1048576K
}

