# JRE version: OpenJDK Runtime Environment (11.0.11+9) (build 11.0.11+9-b60-7590822)
# Java VM: OpenJDK 64-Bit Server VM (11.0.11+9-b60-7590822, mixed mode, tiered, compressed oops, g1 gc, windows-amd64)
Heap:
 garbage-first heap   total 424960K, used 225076K [0x00000000c0000000, 0x0000000100000000)
  region size 1024K, 30 young (30720K), 13 survivors (13312K)
 Metaspace       used 112666K, capacity 116426K, committed 116608K, reserved 1150976K
  class space    used 14040K, capacity 15437K, committed 15488K, reserved 1048576K
GC Heap History (20 events):
Event: 474.080 GC heap before
{Heap before GC invocations=146 (full 0):
 garbage-first heap   total 235520K, used 220802K [0x00000000c0000000, 0x0000000100000000)
  region size 1024K, 11 young (11264K), 2 survivors (2048K)
 Metaspace       used 106698K, capacity 110121K, committed 110208K, reserved 1144832K
  class space    used 13385K, capacity 14697K, committed 14720K, reserved 1048576K
}
Event: 474.098 GC heap after
{Heap after GC invocations=147 (full 0):
 garbage-first heap   total 235520K, used 191364K [0x00000000c0000000, 0x0000000100000000)
  region size 1024K, 2 young (2048K), 2 survivors (2048K)
 Metaspace       used 106698K, capacity 110121K, committed 110208K, reserved 1144832K
  class space    used 13385K, capacity 14697K, committed 14720K, reserved 1048576K
}
Event: 474.213 GC heap before
{Heap before GC invocations=147 (full 0):
 garbage-first heap   total 235520K, used 200580K [0x00000000c0000000, 0x0000000100000000)
  region size 1024K, 11 young (11264K), 2 survivors (2048K)
 Metaspace       used 106808K, capacity 110325K, committed 110464K, reserved 1144832K
  class space    used 13385K, capacity 14697K, committed 14720K, reserved 1048576K
}
Event: 474.239 GC heap after
{Heap after GC invocations=148 (full 0):
 garbage-first heap   total 235520K, used 193741K [0x00000000c0000000, 0x0000000100000000)
  region size 1024K, 2 young (2048K), 2 survivors (2048K)
 Metaspace       used 106808K, capacity 110325K, committed 110464K, reserved 1144832K
  class space    used 13385K, capacity 14697K, committed 14720K, reserved 1048576K
}
Event: 474.293 GC heap before
{Heap before GC invocations=148 (full 0):
 garbage-first heap   total 235520K, used 202957K [0x00000000c0000000, 0x0000000100000000)
  region size 1024K, 11 young (11264K), 2 survivors (2048K)
 Metaspace       used 106813K, capacity 110326K, committed 110464K, reserved 1144832K
  class space    used 13385K, capacity 14697K, committed 14720K, reserved 1048576K
}
Event: 474.306 GC heap after
{Heap after GC invocations=149 (full 0):
 garbage-first heap   total 235520K, used 199370K [0x00000000c0000000, 0x0000000100000000)
  region size 1024K, 2 young (2048K), 2 survivors (2048K)
 Metaspace       used 106813K, capacity 110326K, committed 110464K, reserved 1144832K
  class space    used 13385K, capacity 14697K, committed 14720K, reserved 1048576K
}
Event: 474.407 GC heap before
{Heap before GC invocations=149 (full 0):
 garbage-first heap   total 235520K, used 208586K [0x00000000c0000000, 0x0000000100000000)
  region size 1024K, 11 young (11264K), 2 survivors (2048K)
 Metaspace       used 106816K, capacity 110326K, committed 110464K, reserved 1144832K
  class space    used 13385K, capacity 14697K, committed 14720K, reserved 1048576K
}
Event: 474.424 GC heap after
{Heap after GC invocations=150 (full 0):
 garbage-first heap   total 424960K, used 204800K [0x00000000c0000000, 0x0000000100000000)
  region size 1024K, 2 young (2048K), 2 survivors (2048K)
 Metaspace       used 106816K, capacity 110326K, committed 110464K, reserved 1144832K
  class space    used 13385K, capacity 14697K, committed 14720K, reserved 1048576K
}
Event: 476.130 GC heap before
{Heap before GC invocations=151 (full 0):
 garbage-first heap   total 424960K, used 279552K [0x00000000c0000000, 0x0000000100000000)
  region size 1024K, 68 young (69632K), 2 survivors (2048K)
 Metaspace       used 107075K, capacity 110535K, committed 110720K, reserved 1144832K
  class space    used 13386K, capacity 14690K, committed 14720K, reserved 1048576K
}
Event: 476.165 GC heap after
{Heap after GC invocations=152 (full 0):
 garbage-first heap   total 424960K, used 232064K [0x00000000c0000000, 0x0000000100000000)
  region size 1024K, 9 young (9216K), 9 survivors (9216K)
 Metaspace       used 107075K, capacity 110535K, committed 110720K, reserved 1144832K
  class space    used 13386K, capacity 14690K, committed 14720K, reserved 1048576K
}
Event: 477.217 GC heap before
{Heap before GC invocations=152 (full 0):
 garbage-first heap   total 424960K, used 302720K [0x00000000c0000000, 0x0000000100000000)
  region size 1024K, 70 young (71680K), 9 survivors (9216K)
 Metaspace       used 109617K, capacity 113084K, committed 113408K, reserved 1146880K
  class space    used 13698K, capacity 15012K, committed 15104K, reserved 1048576K
}
Event: 477.237 GC heap after
{Heap after GC invocations=153 (full 0):
 garbage-first heap   total 424960K, used 234179K [0x00000000c0000000, 0x0000000100000000)
  region size 1024K, 2 young (2048K), 2 survivors (2048K)
 Metaspace       used 109617K, capacity 113084K, committed 113408K, reserved 1146880K
  class space    used 13698K, capacity 15012K, committed 15104K, reserved 1048576K
}
Event: 477.816 GC heap before
{Heap before GC invocations=153 (full 0):
 garbage-first heap   total 424960K, used 268995K [0x00000000c0000000, 0x0000000100000000)
  region size 1024K, 32 young (32768K), 2 survivors (2048K)
 Metaspace       used 111350K, capacity 114886K, committed 115072K, reserved 1148928K
  class space    used 13910K, capacity 15225K, committed 15232K, reserved 1048576K
}
Event: 477.823 GC heap after
{Heap after GC invocations=154 (full 0):
 garbage-first heap   total 424960K, used 241476K [0x00000000c0000000, 0x0000000100000000)
  region size 1024K, 4 young (4096K), 4 survivors (4096K)
 Metaspace       used 111350K, capacity 114886K, committed 115072K, reserved 1148928K
  class space    used 13910K, capacity 15225K, committed 15232K, reserved 1048576K
}
Event: 1140.779 GC heap before
{Heap before GC invocations=155 (full 0):
 garbage-first heap   total 424960K, used 315204K [0x00000000c0000000, 0x0000000100000000)
  region size 1024K, 72 young (73728K), 4 survivors (4096K)
 Metaspace       used 111899K, capacity 115431K, committed 115712K, reserved 1148928K
  class space    used 13965K, capacity 15299K, committed 15360K, reserved 1048576K
}
Event: 1140.792 GC heap after
{Heap after GC invocations=156 (full 0):
 garbage-first heap   total 424960K, used 216903K [0x00000000c0000000, 0x0000000100000000)
  region size 1024K, 5 young (5120K), 5 survivors (5120K)
 Metaspace       used 111899K, capacity 115431K, committed 115712K, reserved 1148928K
  class space    used 13965K, capacity 15299K, committed 15360K, reserved 1048576K
}
Event: 1141.205 GC heap before
{Heap before GC invocations=156 (full 0):
 garbage-first heap   total 424960K, used 232263K [0x00000000c0000000, 0x0000000100000000)
  region size 1024K, 20 young (20480K), 5 survivors (5120K)
 Metaspace       used 112213K, capacity 115819K, committed 116096K, reserved 1150976K
  class space    used 13999K, capacity 15362K, committed 15488K, reserved 1048576K
}
Event: 1141.264 GC heap after
{Heap after GC invocations=157 (full 0):
 garbage-first heap   total 424960K, used 194543K [0x00000000c0000000, 0x0000000100000000)
  region size 1024K, 3 young (3072K), 3 survivors (3072K)
 Metaspace       used 112213K, capacity 115819K, committed 116096K, reserved 1150976K
  class space    used 13999K, capacity 15362K, committed 15488K, reserved 1048576K
}
Event: 1142.860 GC heap before
{Heap before GC invocations=157 (full 0):
 garbage-first heap   total 424960K, used 289775K [0x00000000c0000000, 0x0000000100000000)
  region size 1024K, 97 young (99328K), 3 survivors (3072K)
 Metaspace       used 112594K, capacity 116356K, committed 116608K, reserved 1150976K
  class space    used 14030K, capacity 15419K, committed 15488K, reserved 1048576K
}
Event: 1142.890 GC heap after
{Heap after GC invocations=158 (full 0):
 garbage-first heap   total 424960K, used 208692K [0x00000000c0000000, 0x0000000100000000)
  region size 1024K, 13 young (13312K), 13 survivors (13312K)
 Metaspace       used 112594K, capacity 116356K, committed 116608K, reserved 1150976K
  class space    used 14030K, capacity 15419K, committed 15488K, reserved 1048576K
}

